2019-05-17 07:25:07,051  INFO [TestNG-tests-1] nopcommerceV1:26 - ***************   TC_AddCustomerTest_003 statred  *********** 
2019-05-17 07:25:10,902  INFO [TestNG-tests-1] nopcommerceV1:34 - ***************  Providing customer details  *********** 
2019-05-17 07:25:18,097  INFO [TestNG-tests-1] nopcommerceV1:56 - ***************  Customer added succesfully *********** 
2019-05-17 07:25:18,097  INFO [TestNG-tests-1] nopcommerceV1:65 - ***************   TC_AddCustomerTest_003 Finished  *********** 
2019-05-17 07:25:18,936 DEBUG [TestNG-tests-1] cache:45 - Couldn't find template in cache for "v3html/v3-html-index.ftl"("en", UTF-8, parsed); will try to load it.
2019-05-17 07:25:18,937 DEBUG [TestNG-tests-1] cache:45 - TemplateLoader.findTemplateSource("v3html/v3-html-index_en.ftl"): Not found
2019-05-17 07:25:18,941 DEBUG [TestNG-tests-1] cache:45 - TemplateLoader.findTemplateSource("v3html/v3-html-index.ftl"): Found
2019-05-17 07:25:18,942 DEBUG [TestNG-tests-1] cache:45 - Loading template for "v3html/v3-html-index.ftl"("en", UTF-8, parsed) from "jar:file:/C:/Users/admin/.m2/repository/com/aventstack/extentreports/4.0.9/extentreports-4.0.9.jar!/com/aventstack/extentreports/view/v3html/v3-html-index.ftl"
2019-05-17 07:25:19,230 DEBUG [TestNG-tests-1] cache:45 - Couldn't find template in cache for "v3html/v3-html-head.ftl"("en", UTF-8, parsed); will try to load it.
2019-05-17 07:25:19,232 DEBUG [TestNG-tests-1] cache:45 - TemplateLoader.findTemplateSource("v3html/v3-html-head_en.ftl"): Not found
2019-05-17 07:25:19,233 DEBUG [TestNG-tests-1] cache:45 - TemplateLoader.findTemplateSource("v3html/v3-html-head.ftl"): Found
2019-05-17 07:25:19,233 DEBUG [TestNG-tests-1] cache:45 - Loading template for "v3html/v3-html-head.ftl"("en", UTF-8, parsed) from "jar:file:/C:/Users/admin/.m2/repository/com/aventstack/extentreports/4.0.9/extentreports-4.0.9.jar!/com/aventstack/extentreports/view/v3html/v3-html-head.ftl"
2019-05-17 07:25:19,244 DEBUG [TestNG-tests-1] cache:45 - Couldn't find template in cache for "v3html/v3-html-nav.ftl"("en", UTF-8, parsed); will try to load it.
2019-05-17 07:25:19,263 DEBUG [TestNG-tests-1] cache:45 - TemplateLoader.findTemplateSource("v3html/v3-html-nav_en.ftl"): Not found
2019-05-17 07:25:19,264 DEBUG [TestNG-tests-1] cache:45 - TemplateLoader.findTemplateSource("v3html/v3-html-nav.ftl"): Found
2019-05-17 07:25:19,266 DEBUG [TestNG-tests-1] cache:45 - Loading template for "v3html/v3-html-nav.ftl"("en", UTF-8, parsed) from "jar:file:/C:/Users/admin/.m2/repository/com/aventstack/extentreports/4.0.9/extentreports-4.0.9.jar!/com/aventstack/extentreports/view/v3html/v3-html-nav.ftl"
2019-05-17 07:25:19,297 DEBUG [TestNG-tests-1] cache:45 - Couldn't find template in cache for "v3html/test-view/v3-html-test-view.ftl"("en", UTF-8, parsed); will try to load it.
2019-05-17 07:25:19,298 DEBUG [TestNG-tests-1] cache:45 - TemplateLoader.findTemplateSource("v3html/test-view/v3-html-test-view_en.ftl"): Not found
2019-05-17 07:25:19,299 DEBUG [TestNG-tests-1] cache:45 - TemplateLoader.findTemplateSource("v3html/test-view/v3-html-test-view.ftl"): Found
2019-05-17 07:25:19,300 DEBUG [TestNG-tests-1] cache:45 - Loading template for "v3html/test-view/v3-html-test-view.ftl"("en", UTF-8, parsed) from "jar:file:/C:/Users/admin/.m2/repository/com/aventstack/extentreports/4.0.9/extentreports-4.0.9.jar!/com/aventstack/extentreports/view/v3html/test-view/v3-html-test-view.ftl"
2019-05-17 07:25:19,338 DEBUG [TestNG-tests-1] cache:45 - Couldn't find template in cache for "v3html/test-view/v3-html-test-view-charts.ftl"("en", UTF-8, parsed); will try to load it.
2019-05-17 07:25:19,341 DEBUG [TestNG-tests-1] cache:45 - TemplateLoader.findTemplateSource("v3html/test-view/v3-html-test-view-charts_en.ftl"): Not found
2019-05-17 07:25:19,343 DEBUG [TestNG-tests-1] cache:45 - TemplateLoader.findTemplateSource("v3html/test-view/v3-html-test-view-charts.ftl"): Found
2019-05-17 07:25:19,343 DEBUG [TestNG-tests-1] cache:45 - Loading template for "v3html/test-view/v3-html-test-view-charts.ftl"("en", UTF-8, parsed) from "jar:file:/C:/Users/admin/.m2/repository/com/aventstack/extentreports/4.0.9/extentreports-4.0.9.jar!/com/aventstack/extentreports/view/v3html/test-view/v3-html-test-view-charts.ftl"
2019-05-17 07:25:19,384 DEBUG [TestNG-tests-1] cache:45 - Couldn't find template in cache for "v3html/test-view/v3-html-standard.ftl"("en", UTF-8, parsed); will try to load it.
2019-05-17 07:25:19,395 DEBUG [TestNG-tests-1] cache:45 - TemplateLoader.findTemplateSource("v3html/test-view/v3-html-standard_en.ftl"): Not found
2019-05-17 07:25:19,396 DEBUG [TestNG-tests-1] cache:45 - TemplateLoader.findTemplateSource("v3html/test-view/v3-html-standard.ftl"): Found
2019-05-17 07:25:19,397 DEBUG [TestNG-tests-1] cache:45 - Loading template for "v3html/test-view/v3-html-standard.ftl"("en", UTF-8, parsed) from "jar:file:/C:/Users/admin/.m2/repository/com/aventstack/extentreports/4.0.9/extentreports-4.0.9.jar!/com/aventstack/extentreports/view/v3html/test-view/v3-html-standard.ftl"
2019-05-17 07:25:19,521 DEBUG [TestNG-tests-1] cache:45 - "v3html/test-view/v3-html-standard.ftl"("en", UTF-8, parsed) cached copy not yet stale; using cached.
2019-05-17 07:25:19,525 DEBUG [TestNG-tests-1] cache:45 - Couldn't find template in cache for "v3html/category-view/v3-html-category-view.ftl"("en", UTF-8, parsed); will try to load it.
2019-05-17 07:25:19,529 DEBUG [TestNG-tests-1] cache:45 - TemplateLoader.findTemplateSource("v3html/category-view/v3-html-category-view_en.ftl"): Not found
2019-05-17 07:25:19,530 DEBUG [TestNG-tests-1] cache:45 - TemplateLoader.findTemplateSource("v3html/category-view/v3-html-category-view.ftl"): Found
2019-05-17 07:25:19,531 DEBUG [TestNG-tests-1] cache:45 - Loading template for "v3html/category-view/v3-html-category-view.ftl"("en", UTF-8, parsed) from "jar:file:/C:/Users/admin/.m2/repository/com/aventstack/extentreports/4.0.9/extentreports-4.0.9.jar!/com/aventstack/extentreports/view/v3html/category-view/v3-html-category-view.ftl"
2019-05-17 07:25:19,548 DEBUG [TestNG-tests-1] cache:45 - Couldn't find template in cache for "v3html/exception-view/v3-html-exception-view.ftl"("en", UTF-8, parsed); will try to load it.
2019-05-17 07:25:19,549 DEBUG [TestNG-tests-1] cache:45 - TemplateLoader.findTemplateSource("v3html/exception-view/v3-html-exception-view_en.ftl"): Not found
2019-05-17 07:25:19,550 DEBUG [TestNG-tests-1] cache:45 - TemplateLoader.findTemplateSource("v3html/exception-view/v3-html-exception-view.ftl"): Found
2019-05-17 07:25:19,551 DEBUG [TestNG-tests-1] cache:45 - Loading template for "v3html/exception-view/v3-html-exception-view.ftl"("en", UTF-8, parsed) from "jar:file:/C:/Users/admin/.m2/repository/com/aventstack/extentreports/4.0.9/extentreports-4.0.9.jar!/com/aventstack/extentreports/view/v3html/exception-view/v3-html-exception-view.ftl"
2019-05-17 07:25:19,579 DEBUG [TestNG-tests-1] cache:45 - Couldn't find template in cache for "v3html/author-view/v3-html-author-view.ftl"("en", UTF-8, parsed); will try to load it.
2019-05-17 07:25:19,581 DEBUG [TestNG-tests-1] cache:45 - TemplateLoader.findTemplateSource("v3html/author-view/v3-html-author-view_en.ftl"): Not found
2019-05-17 07:25:19,584 DEBUG [TestNG-tests-1] cache:45 - TemplateLoader.findTemplateSource("v3html/author-view/v3-html-author-view.ftl"): Found
2019-05-17 07:25:19,585 DEBUG [TestNG-tests-1] cache:45 - Loading template for "v3html/author-view/v3-html-author-view.ftl"("en", UTF-8, parsed) from "jar:file:/C:/Users/admin/.m2/repository/com/aventstack/extentreports/4.0.9/extentreports-4.0.9.jar!/com/aventstack/extentreports/view/v3html/author-view/v3-html-author-view.ftl"
2019-05-17 07:25:19,597 DEBUG [TestNG-tests-1] cache:45 - Couldn't find template in cache for "v3html/dashboard-view/v3-html-dashboard-view.ftl"("en", UTF-8, parsed); will try to load it.
2019-05-17 07:25:19,598 DEBUG [TestNG-tests-1] cache:45 - TemplateLoader.findTemplateSource("v3html/dashboard-view/v3-html-dashboard-view_en.ftl"): Not found
2019-05-17 07:25:19,599 DEBUG [TestNG-tests-1] cache:45 - TemplateLoader.findTemplateSource("v3html/dashboard-view/v3-html-dashboard-view.ftl"): Found
2019-05-17 07:25:19,600 DEBUG [TestNG-tests-1] cache:45 - Loading template for "v3html/dashboard-view/v3-html-dashboard-view.ftl"("en", UTF-8, parsed) from "jar:file:/C:/Users/admin/.m2/repository/com/aventstack/extentreports/4.0.9/extentreports-4.0.9.jar!/com/aventstack/extentreports/view/v3html/dashboard-view/v3-html-dashboard-view.ftl"
2019-05-17 07:25:19,611 DEBUG [TestNG-tests-1] cache:45 - Couldn't find template in cache for "v3html/logs-view/v3-html-testrunner-logs-view.ftl"("en", UTF-8, parsed); will try to load it.
2019-05-17 07:25:19,613 DEBUG [TestNG-tests-1] cache:45 - TemplateLoader.findTemplateSource("v3html/logs-view/v3-html-testrunner-logs-view_en.ftl"): Not found
2019-05-17 07:25:19,614 DEBUG [TestNG-tests-1] cache:45 - TemplateLoader.findTemplateSource("v3html/logs-view/v3-html-testrunner-logs-view.ftl"): Found
2019-05-17 07:25:19,617 DEBUG [TestNG-tests-1] cache:45 - Loading template for "v3html/logs-view/v3-html-testrunner-logs-view.ftl"("en", UTF-8, parsed) from "jar:file:/C:/Users/admin/.m2/repository/com/aventstack/extentreports/4.0.9/extentreports-4.0.9.jar!/com/aventstack/extentreports/view/v3html/logs-view/v3-html-testrunner-logs-view.ftl"
